<?xml version="1.0" encoding="UTF-8"?>
<!-- Generated by org.testng.reporters.JUnitXMLReporter -->
<testsuite hostname="admin-PC" ignored="2" name="FundRisingapplication test" tests="2" failures="1" timestamp="26 May 2019 03:47:47 GMT" time="38.596" errors="0">
  <testcase name="Title" time="10.253" classname="com.Wonderwe.TestCases.TC_001_HomePage"/>
  <testcase name="Animalsss" time="27.992" classname="com.Wonderwe.TestCases.TC_002_AnimalsPage">
    <failure type="java.lang.AssertionError" message="Page Navigation Error">
      <![CDATA[java.lang.AssertionError: Page Navigation Error
	at org.junit.Assert.fail(Assert.java:88)
	at com.Wonderwe.TestCases.TC_002_AnimalsPage.Animalsss(TC_002_AnimalsPage.java:41)
... Removed 25 stack frames]]>
    </failure>
  </testcase> <!-- Animalsss -->
  <testcase name="@BeforeSuite SetUp" time="0.0" classname="com.Wonderwe.TestCases.BaseClass">
    <ignored/>
  </testcase> <!-- @BeforeSuite SetUp -->
  <testcase name="@AfterSuite Close" time="0.0" classname="com.Wonderwe.TestCases.BaseClass">
    <ignored/>
  </testcase> <!-- @AfterSuite Close -->
</testsuite> <!-- FundRisingapplication test -->
