<?xml version="1.0" encoding="UTF-8"?>
<!-- Generated by org.testng.reporters.JUnitXMLReporter -->
<testsuite hostname="admin-PC" ignored="0" name="FundRisingapplication test" tests="1" failures="1" timestamp="23 May 2019 16:17:34 GMT" time="2.257" errors="0">
  <testcase name="Title" time="1.78" classname="com.Wonderwe.TestCases.TC_001_HomePage">
    <failure type="java.lang.AssertionError" message="null">
      <![CDATA[java.lang.AssertionError: null
	at com.Wonderwe.TestCases.TC_001_HomePage.Title(TC_001_HomePage.java:36)
... Removed 27 stack frames]]>
    </failure>
  </testcase> <!-- Title -->
</testsuite> <!-- FundRisingapplication test -->
